<?xml version="1.0" encoding="UTF-8"?>
<!-- Generated by org.testng.reporters.JUnitReportReporter -->
<testsuite skipped="0" hostname="INLTP-Suresh" name="testScripts.Cart" tests="1" failures="0" timestamp="06 Jul 2019 16:41:58 GMT" time="37.654" errors="0">
  <testcase name="buttonsOnCart" time="37.654" classname="testScripts.Cart"/>
</testsuite> <!-- testScripts.Cart -->
