<?xml version="1.0" encoding="UTF-8"?>
<!-- Generated by org.testng.reporters.JUnitReportReporter -->
<testsuite skipped="0" hostname="INLTP-Suresh" name="testScripts.TA_02_CartValidation" tests="1" failures="0" timestamp="07 Jul 2019 20:39:05 GMT" time="53.772" errors="0">
  <testcase name="buttonsOnCart" time="53.772" classname="testScripts.TA_02_CartValidation"/>
</testsuite> <!-- testScripts.TA_02_CartValidation -->
