<?xml version="1.0" encoding="UTF-8"?>
<!-- Generated by org.testng.reporters.JUnitReportReporter -->
<testsuite skipped="0" hostname="INLTP-Suresh" name="testScripts.PlacingOrders" tests="1" failures="0" timestamp="06 Jul 2019 14:43:59 GMT" time="74.051" errors="0">
  <testcase name="modeOfPayments_TransactionCharges" time="74.051" classname="testScripts.PlacingOrders"/>
</testsuite> <!-- testScripts.PlacingOrders -->
