<?xml version="1.0" encoding="UTF-8"?>
<!-- Generated by org.testng.reporters.JUnitReportReporter -->
<testsuite skipped="0" hostname="INLTP-Suresh" name="testScripts.test" tests="1" failures="0" timestamp="06 Jul 2019 20:59:48 GMT" time="61.671" errors="0">
  <testcase name="placeOrderWithoutAnAccount" time="61.671" classname="testScripts.test"/>
</testsuite> <!-- testScripts.test -->
